<?xml version="1.0" encoding="UTF-8"?>
<!-- Generated by org.testng.reporters.JUnitReportReporter -->
<testsuite hostname="4859765b5886" failures="0" tests="9" name="com.vinsguru.tests.vendorPortal.VendorPortalTest" time="17.142" errors="0" timestamp="2025-07-05T16:55:55 GMT" skipped="0">
  <testcase classname="com.vinsguru.tests.vendorPortal.VendorPortalTest" name="logout" time="1.212"/>
  <testcase classname="com.vinsguru.tests.vendorPortal.VendorPortalTest" name="logout" time="1.221"/>
  <testcase classname="com.vinsguru.tests.vendorPortal.VendorPortalTest" name="dashboardTest" time="2.071"/>
  <testcase classname="com.vinsguru.tests.vendorPortal.VendorPortalTest" name="dashboardTest" time="0.807"/>
  <testcase classname="com.vinsguru.tests.vendorPortal.VendorPortalTest" name="loginTest" time="3.712"/>
  <testcase classname="com.vinsguru.tests.vendorPortal.VendorPortalTest" name="dashboardTest" time="0.519"/>
  <testcase classname="com.vinsguru.tests.vendorPortal.VendorPortalTest" name="loginTest" time="1.980"/>
  <testcase classname="com.vinsguru.tests.vendorPortal.VendorPortalTest" name="logout" time="1.600"/>
  <testcase classname="com.vinsguru.tests.vendorPortal.VendorPortalTest" name="loginTest" time="4.020"/>
</testsuite> <!-- com.vinsguru.tests.vendorPortal.VendorPortalTest -->
